
IMPORTANT: The MATLAB Academic site license is available to employees and
enrolled students of the KIT and the universities of Baden-Wuerttemberg
(Freiburg, Heidelberg, Hohenheim, Konstanz, Mannheim, Stuttgart, Tuebingen, Ulm).
The license is available for teaching or research only.
Commercial applications are not permitted.


                            < M A T L A B (R) >
                  Copyright 1984-2018 The MathWorks, Inc.
                   R2018b (9.5.0.944444) 64-bit (glnxa64)
                              August 28, 2018

 
To get started, type doc.
For product information, visit www.mathworks.com.
 

pc = 

 Local Cluster

    Properties: 

                          Profile: local
                         Modified: false
                             Host: uc1n251
                       NumWorkers: 16
                       NumThreads: 1

               JobStorageLocation: /home/ul/ul_student/ul_hrh27/.matlab/local_cluster_jobs/R2018b
 RequiresMathWorksHostedLicensing: false

    Associated Jobs: 

                   Number Pending: 0
                    Number Queued: 1
                   Number Running: 1
                  Number Finished: 0


pc = 

 Local Cluster

    Properties: 

                          Profile: local
                         Modified: true
                             Host: uc1n251
                       NumWorkers: 16
                       NumThreads: 1

               JobStorageLocation: /scratch/slurm_tmpdir/Job_16635259
 RequiresMathWorksHostedLicensing: false

    Associated Jobs: 

                   Number Pending: 0
                    Number Queued: 0
                   Number Running: 0
                  Number Finished: 0


num_workers =

     1

Starting parallel pool (parpool) using the 'local' profile ...
connected to 1 workers.

ans = 

 Pool with properties: 

            Connected: true
           NumWorkers: 1
              Cluster: local
        AttachedFiles: {}
    AutoAddClientPath: true
          IdleTimeout: 30 minutes (30 minutes remaining)
          SpmdEnabled: true

Training network 012simple_snr47_z1_i20s20
Training across multiple CPUs.
[Warning: dialog is no longer supported when MATLAB is started with the
-nodisplay or -noFigureWindows option or there is no display. For more
information, see "Changes to -nodisplay and -noFigureWindows Startup Options"
in the MATLAB Release Notes. To view the release note in your system browser,
run web('www.mathworks.com/help/matlab/release-notes.html#br5ktrh-3',
'-browser')] 
[> In warnfiguredialog (line 21)
  In dialog (line 39)
  In nnet.internal.cnn.ui.DialogFactory/createWaitDialog (line 8)
  In nnet.internal.cnn.ui.PreprocessingDisplayerDialog/displayPreprocessing (line 21)
  In nnet.internal.cnn.ui.TrainingPlotPresenterWithDialog/showPreprocessingStage (line 113)
  In nnet.internal.cnn.util.TrainingPlotReporter/setup (line 69)
  In nnet.internal.cnn.util.VectorReporter/computeAndReport (line 56)
  In nnet.internal.cnn.util.VectorReporter/setup (line 12)
  In nnet.internal.cnn.util.ParallelReporter/reportOrSendToClient (line 111)
  In nnet.internal.cnn.util.ParallelReporter/setup (line 50)
  In nnet.internal.cnn.Trainer/initializeNetworkNormalizations (line 127)
  In trainNetwork>doTrainNetwork (line 213)
  In trainNetwork (line 148)
  In train_012simple_snr47_z1_i20s20 (line 79)
  In run (line 91)] 
Initializing image normalization.
|========================================================================================|
|  Epoch  |  Iteration  |  Time Elapsed  |  Mini-batch  |  Mini-batch  |  Base Learning  |
|         |             |   (hh:mm:ss)   |   Accuracy   |     Loss     |      Rate       |
|========================================================================================|
|       1 |           1 |       00:00:01 |       25.00% |       1.0988 |          0.0010 |
|       1 |          50 |       00:00:23 |       48.44% |       1.0731 |          0.0010 |
|       1 |         100 |       00:00:46 |       31.25% |       1.0977 |          0.0010 |
|       1 |         150 |       00:01:08 |       35.94% |       1.0978 |          0.0010 |
|       1 |         200 |       00:01:31 |       34.38% |       1.0965 |          0.0010 |
|       1 |         250 |       00:01:52 |       32.81% |       1.0981 |          0.0010 |
|       1 |         300 |       00:02:14 |       34.38% |       1.0989 |          0.0010 |
|       1 |         350 |       00:02:35 |       26.56% |       1.1004 |          0.0010 |
|       1 |         400 |       00:02:57 |       25.00% |       1.1083 |          0.0010 |
|       1 |         450 |       00:03:17 |       39.06% |       1.0969 |          0.0010 |
|       2 |         500 |       00:03:38 |       29.69% |       1.0989 |          0.0010 |
|       2 |         550 |       00:04:00 |       35.94% |       1.0985 |          0.0010 |
|       2 |         600 |       00:04:22 |       29.69% |       1.0985 |          0.0010 |
|       2 |         650 |       00:04:43 |       35.94% |       1.0985 |          0.0010 |
|       2 |         700 |       00:05:05 |       21.88% |       1.1002 |          0.0010 |
|       2 |         750 |       00:05:27 |       37.50% |       1.0988 |          0.0010 |
|       2 |         800 |       00:05:48 |       35.94% |       1.0980 |          0.0010 |
|       2 |         850 |       00:06:11 |       40.62% |       1.0986 |          0.0010 |
|       2 |         900 |       00:06:33 |       29.69% |       1.0987 |          0.0010 |
|       3 |         950 |       00:06:54 |       28.12% |       1.0993 |          0.0010 |
|       3 |        1000 |       00:07:16 |       18.75% |       1.0998 |          0.0010 |
|       3 |        1050 |       00:07:37 |       34.38% |       1.0984 |          0.0010 |
|       3 |        1100 |       00:07:59 |       25.00% |       1.0996 |          0.0010 |
|       3 |        1150 |       00:08:21 |       21.88% |       1.0998 |          0.0010 |
|       3 |        1200 |       00:08:42 |       35.94% |       1.0982 |          0.0010 |
|       3 |        1250 |       00:09:03 |       35.94% |       1.0985 |          0.0010 |
|       3 |        1300 |       00:09:25 |       39.06% |       1.0979 |          0.0010 |
|       3 |        1350 |       00:09:47 |       32.81% |       1.0986 |          0.0010 |
|       3 |        1400 |       00:10:09 |       45.31% |       1.0980 |          0.0010 |
|       4 |        1450 |       00:10:32 |       42.19% |       1.0975 |          0.0010 |
|       4 |        1500 |       00:10:57 |       34.38% |       1.0982 |          0.0010 |
|       4 |        1550 |       00:11:36 |       32.81% |       1.0987 |          0.0010 |
|       4 |        1600 |       00:13:43 |       25.00% |       1.0993 |          0.0010 |
|       4 |        1650 |       00:17:22 |       45.31% |       1.0973 |          0.0010 |
|       4 |        1700 |       00:21:24 |       29.69% |       1.0993 |          0.0010 |
|       4 |        1750 |       00:25:41 |       34.38% |       1.0988 |          0.0010 |
|       4 |        1800 |       00:30:05 |       31.25% |       1.0987 |          0.0010 |
|       4 |        1850 |       00:34:30 |       28.12% |       1.0994 |          0.0010 |
|       5 |        1900 |       00:38:58 |       32.81% |       1.0986 |          0.0010 |
|       5 |        1950 |       00:43:28 |       32.81% |       1.0988 |          0.0010 |
|       5 |        2000 |       00:48:07 |       37.50% |       1.0988 |          0.0010 |
|       5 |        2050 |       00:52:44 |       40.62% |       1.0980 |          0.0010 |
|       5 |        2100 |       00:57:22 |       31.25% |       1.0989 |          0.0010 |
|       5 |        2150 |       01:01:58 |       28.12% |       1.0994 |          0.0010 |
|       5 |        2200 |       01:06:39 |       31.25% |       1.0992 |          0.0010 |
|       5 |        2250 |       01:11:14 |       34.38% |       1.0987 |          0.0010 |
|       5 |        2300 |       01:15:52 |       26.56% |       1.0990 |          0.0010 |
|       6 |        2350 |       01:20:34 |       37.50% |       1.0982 |          0.0010 |
|       6 |        2400 |       01:25:16 |       21.88% |       1.1000 |          0.0010 |
|       6 |        2450 |       01:30:00 |       34.38% |       1.0985 |          0.0010 |
|       6 |        2500 |       01:34:45 |       28.12% |       1.0994 |          0.0010 |
|       6 |        2550 |       01:39:31 |       28.12% |       1.0992 |          0.0010 |
|       6 |        2600 |       01:44:16 |       31.25% |       1.0987 |          0.0010 |
|       6 |        2650 |       01:49:03 |       35.94% |       1.0984 |          0.0010 |
|       6 |        2700 |       01:53:52 |       32.81% |       1.0989 |          0.0010 |
slurmstepd: error: *** JOB 16635259 ON uc1n251 CANCELLED AT 2019-02-11T13:01:23 ***
